\BOOKMARK [1][-]{section.1}{Zad\341n\355}{}% 1
\BOOKMARK [1][-]{section.2}{\332daje o bonusov\375ch \372loh\341ch}{}% 2
\BOOKMARK [1][-]{section.3}{Popis a rozbor probl\351mu}{}% 3
\BOOKMARK [1][-]{section.4}{Popis algoritmu}{}% 4
\BOOKMARK [2][-]{subsection.4.1}{Jarvis Scan}{section.4}% 5
\BOOKMARK [3][-]{subsubsection.4.1.1}{Implementace metody}{subsection.4.1}% 6
\BOOKMARK [3][-]{subsubsection.4.1.2}{Problematick\351 situace}{subsection.4.1}% 7
\BOOKMARK [2][-]{subsection.4.2}{Graham Scan}{section.4}% 8
\BOOKMARK [3][-]{subsubsection.4.2.1}{Implementace metody}{subsection.4.2}% 9
\BOOKMARK [2][-]{subsection.4.3}{Quick Hull}{section.4}% 10
\BOOKMARK [3][-]{subsubsection.4.3.1}{Implementace metody - lok\341ln\355 procedura}{subsection.4.3}% 11
\BOOKMARK [3][-]{subsubsection.4.3.2}{Implementace metody - glob\341ln\355 procedura}{subsection.4.3}% 12
\BOOKMARK [3][-]{subsubsection.4.3.3}{Prolematick\351 situace}{subsection.4.3}% 13
\BOOKMARK [2][-]{subsection.4.4}{Sweep Line}{section.4}% 14
\BOOKMARK [3][-]{subsubsection.4.4.1}{Implementace metody}{subsection.4.4}% 15
\BOOKMARK [2][-]{subsection.4.5}{Minim\341ln\355 ohranicuj\355c\355 obd\351ln\355k}{section.4}% 16
\BOOKMARK [3][-]{subsubsection.4.5.1}{Implementace metody}{subsection.4.5}% 17
\BOOKMARK [1][-]{section.5}{Vstupn\355 data}{}% 18
\BOOKMARK [1][-]{section.6}{V\375stupn\355 data}{}% 19
\BOOKMARK [1][-]{section.7}{Uk\341zka vytvoren\351 aplikace}{}% 20
\BOOKMARK [1][-]{section.8}{Dokumentace}{}% 21
\BOOKMARK [2][-]{subsection.8.1}{Algorithms}{section.8}% 22
\BOOKMARK [2][-]{subsection.8.2}{Draw}{section.8}% 23
\BOOKMARK [2][-]{subsection.8.3}{SortByXAsc, SortByYAsc, SortByAngleAsc}{section.8}% 24
\BOOKMARK [2][-]{subsection.8.4}{Widget}{section.8}% 25
\BOOKMARK [2][-]{subsection.8.5}{HelpDialog}{section.8}% 26
\BOOKMARK [1][-]{section.9}{Pr\355lohy}{}% 27
\BOOKMARK [1][-]{section.10}{Z\341ver}{}% 28
\BOOKMARK [2][-]{subsection.10.1}{Politov\341n\355 se a vysvetlen\355 na\235eho probl\351mu}{section.10}% 29
\BOOKMARK [2][-]{subsection.10.2}{N\341vrhy na vylep\235en\355}{section.10}% 30
\BOOKMARK [1][-]{section.11}{Zdroje}{}% 31
